Upserting test user...
Cleaning old tournaments...
Seeding rich tournament data...
PrismaClientValidationError: 
Invalid `prisma.tournament.create()` invocation in
D:\devperso\antigravity\bbfrance\prisma\seed.ts:149:29

  146 ];
  147 
  148 for (const t of tournaments) {
→ 149   await prisma.tournament.create({
          data: {
            name: "L'Aquitaine Bowl II",
            date: new Date("2026-05-15T00:00:00.000Z"),
            location: "Bordeaux",
            ville: "Bordeaux",
            departement: "33",
            region: "Nouvelle-Aquitaine",
            description: "Le plus grand tournoi du Sud-Ouest revient !",
            gameEdition: "BB20",
            maxParticipants: 48,
            currentParticipants: 32,
            days: "2",
                  ~~~
            price: 25,
            structure: "Resurrection",
            lodgingAtVenue: false,
            ruleset: "Eurobowl",
            mealsIncluded: true,
            fridayArrival: true,
            organizerId: "user_test_breakyt"
          }
        })

Argument `days`: Invalid value provided. Expected Int or Null, provided String.
    at throwValidationException (D:\devperso\antigravity\bbfrance\node_modules\@prisma\client\src\runtime\core\errorRendering\throwValidationException.ts:46:9)
    at Gr.handleRequestError (D:\devperso\antigravity\bbfrance\node_modules\@prisma\client\src\runtime\RequestHandler.ts:211:7)
    at Gr.handleAndLogRequestError (D:\devperso\antigravity\bbfrance\node_modules\@prisma\client\src\runtime\RequestHandler.ts:183:12)
    at Gr.request (D:\devperso\antigravity\bbfrance\node_modules\@prisma\client\src\runtime\RequestHandler.ts:152:12)
    at async a (D:\devperso\antigravity\bbfrance\node_modules\@prisma\client\src\runtime\getPrismaClient.ts:938:24)
    at async main (D:\devperso\antigravity\bbfrance\prisma\seed.ts:149:5) {
  clientVersion: '7.5.0'
}
